\BOOKMARK [1][-]{section*.2}{Introduction}{}% 1
\BOOKMARK [1][-]{section*.3}{Background}{}% 2
\BOOKMARK [2][-]{section*.4}{Conservative Synchronization}{section*.3}% 3
\BOOKMARK [2][-]{section*.5}{Optimistic Synchronization}{section*.3}% 4
\BOOKMARK [1][-]{section*.6}{DEVS-Ex-Machine}{}% 5
\BOOKMARK [2][-]{section*.7}{Synchronization protocols}{section*.6}% 6
\BOOKMARK [3][-]{section*.8}{Sequential}{section*.7}% 7
\BOOKMARK [3][-]{section*.10}{Conservative}{section*.7}% 8
\BOOKMARK [3][-]{section*.11}{Optimistic}{section*.7}% 9
\BOOKMARK [2][-]{section*.12}{Synchronization Protocol Transparency}{section*.6}% 10
\BOOKMARK [2][-]{section*.13}{Increasing Parallelism}{section*.6}% 11
\BOOKMARK [3][-]{figure.caption.15}{Memory Management}{section*.13}% 12
\BOOKMARK [3][-]{section*.16}{Random Number Generators}{section*.13}% 13
\BOOKMARK [1][-]{section*.18}{Performance Evaluation}{}% 14
\BOOKMARK [2][-]{section*.19}{Benchmarks}{section*.18}% 15
\BOOKMARK [2][-]{section*.21}{Sequential Simulation}{section*.18}% 16
\BOOKMARK [3][-]{section*.22}{Queue}{section*.21}% 17
\BOOKMARK [3][-]{section*.24}{Interconnect}{section*.21}% 18
\BOOKMARK [3][-]{section*.26}{PHold}{section*.21}% 19
\BOOKMARK [2][-]{section*.28}{Parallel Simulation}{section*.18}% 20
\BOOKMARK [3][-]{section*.29}{Queue}{section*.28}% 21
\BOOKMARK [3][-]{section*.33}{Interconnect}{section*.28}% 22
\BOOKMARK [3][-]{section*.36}{Phold}{section*.28}% 23
\BOOKMARK [2][-]{section*.39}{Conclusions on Performance Evaluation}{section*.18}% 24
\BOOKMARK [1][-]{section*.40}{Hotswapping the Synchronization Protocol}{}% 25
\BOOKMARK [2][-]{section*.41}{Statistics Gathering}{section*.40}% 26
\BOOKMARK [3][-]{section*.42}{Visualization of Communication}{section*.41}% 27
\BOOKMARK [1][-]{section*.46}{Model Allocation}{}% 28
\BOOKMARK [2][-]{section*.47}{Performance Evaluation}{section*.46}% 29
\BOOKMARK [2][-]{section*.58}{Linking Back}{section*.46}% 30
\BOOKMARK [1][-]{section*.61}{Related Work}{}% 31
\BOOKMARK [1][-]{section*.62}{Conclusions and future work}{}% 32
