This is pdfTeX, Version 3.14159265-2.6-1.40.16 (TeX Live 2016/dev) (preloaded format=pdflatex 2016.2.16)  23 JUN 2016 14:19
entering extended mode
 \write18 enabled.
 %&-line parsing enabled.
**main.tex
(./main.tex
LaTeX2e <2015/01/01> patch level 2
Babel <3.9m> and hyphenation patterns for 2 languages loaded.
(./sagej.cls
Document Class: sagej 2015/06/09 v1.01\ sagej.cls
(/usr/share/texlive/texmf-dist/tex/latex/base/article.cls
Document Class: article 2014/09/29 v1.4h Standard LaTeX document class
(/usr/share/texlive/texmf-dist/tex/latex/base/size10.clo
File: size10.clo 2014/09/29 v1.4h Standard LaTeX file (size option)
)
\c@part=\count79
\c@section=\count80
\c@subsection=\count81
\c@subsubsection=\count82
\c@paragraph=\count83
\c@subparagraph=\count84
\c@figure=\count85
\c@table=\count86
\abovecaptionskip=\skip41
\belowcaptionskip=\skip42
\bibindent=\dimen102
)
(/usr/share/texlive/texmf-dist/tex/latex/graphics/graphicx.sty
Package: graphicx 2014/10/28 v1.0g Enhanced LaTeX Graphics (DPC,SPQR)

(/usr/share/texlive/texmf-dist/tex/latex/graphics/keyval.sty
Package: keyval 2014/10/28 v1.15 key=value parser (DPC)
\KV@toks@=\toks14
)
(/usr/share/texlive/texmf-dist/tex/latex/graphics/graphics.sty
Package: graphics 2014/10/28 v1.0p Standard LaTeX Graphics (DPC,SPQR)

(/usr/share/texlive/texmf-dist/tex/latex/graphics/trig.sty
Package: trig 1999/03/16 v1.09 sin cos tan (DPC)
)
(/usr/share/texlive/texmf-dist/tex/latex/latexconfig/graphics.cfg
File: graphics.cfg 2010/04/23 v1.9 graphics configuration of TeX Live
)
Package graphics Info: Driver file: pdftex.def on input line 94.

(/usr/share/texlive/texmf-dist/tex/latex/pdftex-def/pdftex.def
File: pdftex.def 2011/05/27 v0.06d Graphics/color for pdfTeX

(/usr/share/texlive/texmf-dist/tex/generic/oberdiek/infwarerr.sty
Package: infwarerr 2010/04/08 v1.3 Providing info/warning/error messages (HO)
)
(/usr/share/texlive/texmf-dist/tex/generic/oberdiek/ltxcmds.sty
Package: ltxcmds 2011/11/09 v1.22 LaTeX kernel commands for general use (HO)
)
\Gread@gobject=\count87
))
\Gin@req@height=\dimen103
\Gin@req@width=\dimen104
)
(/usr/share/texlive/texmf-dist/tex/latex/base/latexsym.sty
Package: latexsym 1998/08/17 v2.2e Standard LaTeX package (lasy symbols)
\symlasy=\mathgroup4
LaTeX Font Info:    Overwriting symbol font `lasy' in version `bold'
(Font)                  U/lasy/m/n --> U/lasy/b/n on input line 52.
)
(/usr/share/texlive/texmf-dist/tex/latex/base/ifthen.sty
Package: ifthen 2014/09/29 v1.1c Standard LaTeX ifthen package (DPC)
)
(/usr/share/texlive/texmf-dist/tex/latex/rotating/rotating.sty
Package: rotating 2009/03/28 v2.16a rotated objects in LaTeX
\c@r@tfl@t=\count88
\rotFPtop=\skip43
\rotFPbot=\skip44
\rot@float@box=\box26
\rot@mess@toks=\toks15
)
(/usr/share/texlive/texmf-dist/tex/latex/tools/calc.sty
Package: calc 2014/10/28 v4.3 Infix arithmetic (KKT,FJ)
\calc@Acount=\count89
\calc@Bcount=\count90
\calc@Adimen=\dimen105
\calc@Bdimen=\dimen106
\calc@Askip=\skip45
\calc@Bskip=\skip46
LaTeX Info: Redefining \setlength on input line 80.
LaTeX Info: Redefining \addtolength on input line 81.
\calc@Ccount=\count91
\calc@Cskip=\skip47
)
(/usr/share/texlive/texmf-dist/tex/latex/textcase/textcase.sty
Package: textcase 2004/10/07 v0.07 Text only upper/lower case changing (DPC)
)
(/usr/share/texlive/texmf-dist/tex/latex/booktabs/booktabs.sty
Package: booktabs 2005/04/14 v1.61803 publication quality tables
\heavyrulewidth=\dimen107
\lightrulewidth=\dimen108
\cmidrulewidth=\dimen109
\belowrulesep=\dimen110
\belowbottomsep=\dimen111
\aboverulesep=\dimen112
\abovetopsep=\dimen113
\cmidrulesep=\dimen114
\cmidrulekern=\dimen115
\defaultaddspace=\dimen116
\@cmidla=\count92
\@cmidlb=\count93
\@aboverulesep=\dimen117
\@belowrulesep=\dimen118
\@thisruleclass=\count94
\@lastruleclass=\count95
\@thisrulewidth=\dimen119
)
(/usr/share/texlive/texmf-dist/tex/latex/graphics/color.sty
Package: color 2014/10/28 v1.1a Standard LaTeX Color (DPC)

(/usr/share/texlive/texmf-dist/tex/latex/latexconfig/color.cfg
File: color.cfg 2007/01/18 v1.5 color configuration of teTeX/TeXLive
)
Package color Info: Driver file: pdftex.def on input line 142.
)
(/usr/share/texlive/texmf-dist/tex/latex/endnotes/endnotes.sty
\c@endnote=\count96
\endnotesep=\dimen120
\@enotes=\write3
)
(/usr/share/texlive/texmf-dist/tex/latex/amsfonts/amsfonts.sty
Package: amsfonts 2013/01/14 v3.01 Basic AMSFonts support
\@emptytoks=\toks16
\symAMSa=\mathgroup5
\symAMSb=\mathgroup6
LaTeX Font Info:    Overwriting math alphabet `\mathfrak' in version `bold'
(Font)                  U/euf/m/n --> U/euf/b/n on input line 106.
)
(/usr/share/texlive/texmf-dist/tex/latex/amsfonts/amssymb.sty
Package: amssymb 2013/01/14 v3.01 AMS font symbols
)
(/usr/share/texlive/texmf-dist/tex/latex/amsmath/amsbsy.sty
Package: amsbsy 1999/11/29 v1.2d

(/usr/share/texlive/texmf-dist/tex/latex/amsmath/amsgen.sty
File: amsgen.sty 1999/11/30 v2.0
\@emptytoks=\toks17
\ex@=\dimen121
)
\pmbraise@=\dimen122
)
(/usr/share/texlive/texmf-dist/tex/latex/amsmath/amsmath.sty
Package: amsmath 2013/01/14 v2.14 AMS math features
\@mathmargin=\skip48

For additional information on amsmath, use the `?' option.
(/usr/share/texlive/texmf-dist/tex/latex/amsmath/amstext.sty
Package: amstext 2000/06/29 v2.01
)
(/usr/share/texlive/texmf-dist/tex/latex/amsmath/amsopn.sty
Package: amsopn 1999/12/14 v2.01 operator names
)
\inf@bad=\count97
LaTeX Info: Redefining \frac on input line 210.
\uproot@=\count98
\leftroot@=\count99
LaTeX Info: Redefining \overline on input line 306.
\classnum@=\count100
\DOTSCASE@=\count101
LaTeX Info: Redefining \ldots on input line 378.
LaTeX Info: Redefining \dots on input line 381.
LaTeX Info: Redefining \cdots on input line 466.
\Mathstrutbox@=\box27
\strutbox@=\box28
\big@size=\dimen123
LaTeX Font Info:    Redeclaring font encoding OML on input line 566.
LaTeX Font Info:    Redeclaring font encoding OMS on input line 567.
\macc@depth=\count102
\c@MaxMatrixCols=\count103
\dotsspace@=\muskip10
\c@parentequation=\count104
\dspbrk@lvl=\count105
\tag@help=\toks18
\row@=\count106
\column@=\count107
\maxfields@=\count108
\andhelp@=\toks19
\eqnshift@=\dimen124
\alignsep@=\dimen125
\tagshift@=\dimen126
\tagwidth@=\dimen127
\totwidth@=\dimen128
\lineht@=\dimen129
\@envbody=\toks20
\multlinegap=\skip49
\multlinetaggap=\skip50
\mathdisplay@stack=\toks21
LaTeX Info: Redefining \[ on input line 2665.
LaTeX Info: Redefining \] on input line 2666.
)
(/usr/share/texlive/texmf-dist/tex/latex/amscls/amsthm.sty
Package: amsthm 2015/03/04 v2.20.2
\thm@style=\toks22
\thm@bodyfont=\toks23
\thm@headfont=\toks24
\thm@notefont=\toks25
\thm@headpunct=\toks26
\thm@preskip=\skip51
\thm@postskip=\skip52
\thm@headsep=\skip53
\dth@everypar=\toks27
)
(/usr/share/texlive/texmf-dist/tex/latex/base/tracefnt.sty
Package: tracefnt 2015/02/21 v3.0k Standard LaTeX package (font tracing)
\tracingfonts=\count109
LaTeX Info: Redefining \selectfont on input line 106.
)
\absbox=\box29
\@bls=\dimen130

(/usr/share/texlive/texmf-dist/tex/latex/caption/caption.sty
Package: caption 2013/05/02 v3.3-89 Customizing captions (AR)

(/usr/share/texlive/texmf-dist/tex/latex/caption/caption3.sty
Package: caption3 2013/05/02 v1.6-88 caption3 kernel (AR)
Package caption3 Info: TeX engine: e-TeX on input line 57.
\captionmargin=\dimen131
\captionmargin@=\dimen132
\captionwidth=\dimen133
\caption@tempdima=\dimen134
\caption@indent=\dimen135
\caption@parindent=\dimen136
\caption@hangindent=\dimen137
)
\c@ContinuedFloat=\count110
Package caption Info: rotating package is loaded.
)) (./balance.sty
Package: balance 1999/02/23 4.3 (PWD)
\oldvsize=\dimen138
) (/usr/share/texlive/texmf-dist/tex/latex/psnfss/times.sty
Package: times 2005/04/12 PSNFSS-v9.2a (SPQR) 
)
(/usr/share/texlive/texmf-dist/tex/latex/url/url.sty
\Urlmuskip=\muskip11
Package: url 2013/09/16  ver 3.4  Verb mode for urls, etc.
) (./dblfloatfix.sty
Package: dblfloatfix 2012/12/31 v1.0a (JAW)

(/usr/share/texlive/texmf-dist/tex/latex/base/fixltx2e.sty
Package: fixltx2e 2015/06/22 v2.0b fixes to LaTeX (obsolete)


Package fixltx2e Warning: fixltx2e is not required with releases after 2015
(fixltx2e)                All fixes are now in the LaTeX kernel.
(fixltx2e)                See the latexrelease package for details.

)
\@dblbotnum=\count111
\c@dblbotnumber=\count112
) (/usr/share/texlive/texmf-dist/tex/latex/pgf/frontendlayer/tikz.sty
(/usr/share/texlive/texmf-dist/tex/latex/pgf/basiclayer/pgf.sty
(/usr/share/texlive/texmf-dist/tex/latex/pgf/utilities/pgfrcs.sty
(/usr/share/texlive/texmf-dist/tex/generic/pgf/utilities/pgfutil-common.tex
\pgfutil@everybye=\toks28
\pgfutil@tempdima=\dimen139
\pgfutil@tempdimb=\dimen140

(/usr/share/texlive/texmf-dist/tex/generic/pgf/utilities/pgfutil-common-lists.t
ex)) (/usr/share/texlive/texmf-dist/tex/generic/pgf/utilities/pgfutil-latex.def
\pgfutil@abb=\box30
(/usr/share/texlive/texmf-dist/tex/latex/ms/everyshi.sty
Package: everyshi 2001/05/15 v3.00 EveryShipout Package (MS)
))
(/usr/share/texlive/texmf-dist/tex/generic/pgf/utilities/pgfrcs.code.tex
Package: pgfrcs 2015/08/07 v3.0.1a (rcs-revision 1.31)
))
Package: pgf 2015/08/07 v3.0.1a (rcs-revision 1.15)

(/usr/share/texlive/texmf-dist/tex/latex/pgf/basiclayer/pgfcore.sty
(/usr/share/texlive/texmf-dist/tex/latex/pgf/systemlayer/pgfsys.sty
(/usr/share/texlive/texmf-dist/tex/generic/pgf/systemlayer/pgfsys.code.tex
Package: pgfsys 2014/07/09 v3.0.1a (rcs-revision 1.48)

(/usr/share/texlive/texmf-dist/tex/generic/pgf/utilities/pgfkeys.code.tex
\pgfkeys@pathtoks=\toks29
\pgfkeys@temptoks=\toks30

(/usr/share/texlive/texmf-dist/tex/generic/pgf/utilities/pgfkeysfiltered.code.t
ex
\pgfkeys@tmptoks=\toks31
))
\pgf@x=\dimen141
\pgf@y=\dimen142
\pgf@xa=\dimen143
\pgf@ya=\dimen144
\pgf@xb=\dimen145
\pgf@yb=\dimen146
\pgf@xc=\dimen147
\pgf@yc=\dimen148
\w@pgf@writea=\write4
\r@pgf@reada=\read1
\c@pgf@counta=\count113
\c@pgf@countb=\count114
\c@pgf@countc=\count115
\c@pgf@countd=\count116
\t@pgf@toka=\toks32
\t@pgf@tokb=\toks33
\t@pgf@tokc=\toks34
 (/usr/share/texlive/texmf-dist/tex/generic/pgf/systemlayer/pgf.cfg
File: pgf.cfg 2008/05/14  (rcs-revision 1.7)
)
Driver file for pgf: pgfsys-pdftex.def

(/usr/share/texlive/texmf-dist/tex/generic/pgf/systemlayer/pgfsys-pdftex.def
File: pgfsys-pdftex.def 2014/10/11  (rcs-revision 1.35)

(/usr/share/texlive/texmf-dist/tex/generic/pgf/systemlayer/pgfsys-common-pdf.de
f
File: pgfsys-common-pdf.def 2013/10/10  (rcs-revision 1.13)
)))
(/usr/share/texlive/texmf-dist/tex/generic/pgf/systemlayer/pgfsyssoftpath.code.
tex
File: pgfsyssoftpath.code.tex 2013/09/09  (rcs-revision 1.9)
\pgfsyssoftpath@smallbuffer@items=\count117
\pgfsyssoftpath@bigbuffer@items=\count118
)
(/usr/share/texlive/texmf-dist/tex/generic/pgf/systemlayer/pgfsysprotocol.code.
tex
File: pgfsysprotocol.code.tex 2006/10/16  (rcs-revision 1.4)
)) (/usr/share/texlive/texmf-dist/tex/latex/xcolor/xcolor.sty
Package: xcolor 2007/01/21 v2.11 LaTeX color extensions (UK)

(/usr/share/texlive/texmf-dist/tex/latex/latexconfig/color.cfg
File: color.cfg 2007/01/18 v1.5 color configuration of teTeX/TeXLive
)
Package xcolor Info: Driver file: pdftex.def on input line 225.
LaTeX Info: Redefining \color on input line 702.
Package xcolor Info: Model `cmy' substituted by `cmy0' on input line 1337.
Package xcolor Info: Model `hsb' substituted by `rgb' on input line 1341.
Package xcolor Info: Model `RGB' extended on input line 1353.
Package xcolor Info: Model `HTML' substituted by `rgb' on input line 1355.
Package xcolor Info: Model `Hsb' substituted by `hsb' on input line 1356.
Package xcolor Info: Model `tHsb' substituted by `hsb' on input line 1357.
Package xcolor Info: Model `HSB' substituted by `hsb' on input line 1358.
Package xcolor Info: Model `Gray' substituted by `gray' on input line 1359.
Package xcolor Info: Model `wave' substituted by `hsb' on input line 1360.
)
(/usr/share/texlive/texmf-dist/tex/generic/pgf/basiclayer/pgfcore.code.tex
Package: pgfcore 2010/04/11 v3.0.1a (rcs-revision 1.7)

(/usr/share/texlive/texmf-dist/tex/generic/pgf/math/pgfmath.code.tex
(/usr/share/texlive/texmf-dist/tex/generic/pgf/math/pgfmathcalc.code.tex
(/usr/share/texlive/texmf-dist/tex/generic/pgf/math/pgfmathutil.code.tex)
(/usr/share/texlive/texmf-dist/tex/generic/pgf/math/pgfmathparser.code.tex
\pgfmath@dimen=\dimen149
\pgfmath@count=\count119
\pgfmath@box=\box31
\pgfmath@toks=\toks35
\pgfmath@stack@operand=\toks36
\pgfmath@stack@operation=\toks37
)
(/usr/share/texlive/texmf-dist/tex/generic/pgf/math/pgfmathfunctions.code.tex
(/usr/share/texlive/texmf-dist/tex/generic/pgf/math/pgfmathfunctions.basic.code
.tex)
(/usr/share/texlive/texmf-dist/tex/generic/pgf/math/pgfmathfunctions.trigonomet
ric.code.tex)
(/usr/share/texlive/texmf-dist/tex/generic/pgf/math/pgfmathfunctions.random.cod
e.tex)
(/usr/share/texlive/texmf-dist/tex/generic/pgf/math/pgfmathfunctions.comparison
.code.tex)
(/usr/share/texlive/texmf-dist/tex/generic/pgf/math/pgfmathfunctions.base.code.
tex)
(/usr/share/texlive/texmf-dist/tex/generic/pgf/math/pgfmathfunctions.round.code
.tex)
(/usr/share/texlive/texmf-dist/tex/generic/pgf/math/pgfmathfunctions.misc.code.
tex)
(/usr/share/texlive/texmf-dist/tex/generic/pgf/math/pgfmathfunctions.integerari
thmetics.code.tex)))
(/usr/share/texlive/texmf-dist/tex/generic/pgf/math/pgfmathfloat.code.tex
\c@pgfmathroundto@lastzeros=\count120
))
(/usr/share/texlive/texmf-dist/tex/generic/pgf/basiclayer/pgfcorepoints.code.te
x
File: pgfcorepoints.code.tex 2013/10/07  (rcs-revision 1.27)
\pgf@picminx=\dimen150
\pgf@picmaxx=\dimen151
\pgf@picminy=\dimen152
\pgf@picmaxy=\dimen153
\pgf@pathminx=\dimen154
\pgf@pathmaxx=\dimen155
\pgf@pathminy=\dimen156
\pgf@pathmaxy=\dimen157
\pgf@xx=\dimen158
\pgf@xy=\dimen159
\pgf@yx=\dimen160
\pgf@yy=\dimen161
\pgf@zx=\dimen162
\pgf@zy=\dimen163
)
(/usr/share/texlive/texmf-dist/tex/generic/pgf/basiclayer/pgfcorepathconstruct.
code.tex
File: pgfcorepathconstruct.code.tex 2013/10/07  (rcs-revision 1.29)
\pgf@path@lastx=\dimen164
\pgf@path@lasty=\dimen165
)
(/usr/share/texlive/texmf-dist/tex/generic/pgf/basiclayer/pgfcorepathusage.code
.tex
File: pgfcorepathusage.code.tex 2014/11/02  (rcs-revision 1.24)
\pgf@shorten@end@additional=\dimen166
\pgf@shorten@start@additional=\dimen167
)
(/usr/share/texlive/texmf-dist/tex/generic/pgf/basiclayer/pgfcorescopes.code.te
x
File: pgfcorescopes.code.tex 2015/05/08  (rcs-revision 1.46)
\pgfpic=\box32
\pgf@hbox=\box33
\pgf@layerbox@main=\box34
\pgf@picture@serial@count=\count121
)
(/usr/share/texlive/texmf-dist/tex/generic/pgf/basiclayer/pgfcoregraphicstate.c
ode.tex
File: pgfcoregraphicstate.code.tex 2014/11/02  (rcs-revision 1.12)
\pgflinewidth=\dimen168
)
(/usr/share/texlive/texmf-dist/tex/generic/pgf/basiclayer/pgfcoretransformation
s.code.tex
File: pgfcoretransformations.code.tex 2015/08/07  (rcs-revision 1.20)
\pgf@pt@x=\dimen169
\pgf@pt@y=\dimen170
\pgf@pt@temp=\dimen171
)
(/usr/share/texlive/texmf-dist/tex/generic/pgf/basiclayer/pgfcorequick.code.tex
File: pgfcorequick.code.tex 2008/10/09  (rcs-revision 1.3)
)
(/usr/share/texlive/texmf-dist/tex/generic/pgf/basiclayer/pgfcoreobjects.code.t
ex
File: pgfcoreobjects.code.tex 2006/10/11  (rcs-revision 1.2)
)
(/usr/share/texlive/texmf-dist/tex/generic/pgf/basiclayer/pgfcorepathprocessing
.code.tex
File: pgfcorepathprocessing.code.tex 2013/09/09  (rcs-revision 1.9)
)
(/usr/share/texlive/texmf-dist/tex/generic/pgf/basiclayer/pgfcorearrows.code.te
x
File: pgfcorearrows.code.tex 2015/05/14  (rcs-revision 1.43)
\pgfarrowsep=\dimen172
)
(/usr/share/texlive/texmf-dist/tex/generic/pgf/basiclayer/pgfcoreshade.code.tex
File: pgfcoreshade.code.tex 2013/07/15  (rcs-revision 1.15)
\pgf@max=\dimen173
\pgf@sys@shading@range@num=\count122
)
(/usr/share/texlive/texmf-dist/tex/generic/pgf/basiclayer/pgfcoreimage.code.tex
File: pgfcoreimage.code.tex 2013/07/15  (rcs-revision 1.18)

(/usr/share/texlive/texmf-dist/tex/generic/pgf/basiclayer/pgfcoreexternal.code.
tex
File: pgfcoreexternal.code.tex 2014/07/09  (rcs-revision 1.21)
\pgfexternal@startupbox=\box35
))
(/usr/share/texlive/texmf-dist/tex/generic/pgf/basiclayer/pgfcorelayers.code.te
x
File: pgfcorelayers.code.tex 2013/07/18  (rcs-revision 1.7)
)
(/usr/share/texlive/texmf-dist/tex/generic/pgf/basiclayer/pgfcoretransparency.c
ode.tex
File: pgfcoretransparency.code.tex 2013/09/30  (rcs-revision 1.5)
)
(/usr/share/texlive/texmf-dist/tex/generic/pgf/basiclayer/pgfcorepatterns.code.
tex
File: pgfcorepatterns.code.tex 2013/11/07  (rcs-revision 1.5)
)))
(/usr/share/texlive/texmf-dist/tex/generic/pgf/modules/pgfmoduleshapes.code.tex
File: pgfmoduleshapes.code.tex 2014/03/21  (rcs-revision 1.35)
\pgfnodeparttextbox=\box36
) (/usr/share/texlive/texmf-dist/tex/generic/pgf/modules/pgfmoduleplot.code.tex
File: pgfmoduleplot.code.tex 2015/08/03  (rcs-revision 1.13)
)
(/usr/share/texlive/texmf-dist/tex/latex/pgf/compatibility/pgfcomp-version-0-65
.sty
Package: pgfcomp-version-0-65 2007/07/03 v3.0.1a (rcs-revision 1.7)
\pgf@nodesepstart=\dimen174
\pgf@nodesepend=\dimen175
)
(/usr/share/texlive/texmf-dist/tex/latex/pgf/compatibility/pgfcomp-version-1-18
.sty
Package: pgfcomp-version-1-18 2007/07/23 v3.0.1a (rcs-revision 1.1)
)) (/usr/share/texlive/texmf-dist/tex/latex/pgf/utilities/pgffor.sty
(/usr/share/texlive/texmf-dist/tex/latex/pgf/utilities/pgfkeys.sty
(/usr/share/texlive/texmf-dist/tex/generic/pgf/utilities/pgfkeys.code.tex))
(/usr/share/texlive/texmf-dist/tex/latex/pgf/math/pgfmath.sty
(/usr/share/texlive/texmf-dist/tex/generic/pgf/math/pgfmath.code.tex))
(/usr/share/texlive/texmf-dist/tex/generic/pgf/utilities/pgffor.code.tex
Package: pgffor 2013/12/13 v3.0.1a (rcs-revision 1.25)

(/usr/share/texlive/texmf-dist/tex/generic/pgf/math/pgfmath.code.tex)
\pgffor@iter=\dimen176
\pgffor@skip=\dimen177
\pgffor@stack=\toks38
\pgffor@toks=\toks39
))
(/usr/share/texlive/texmf-dist/tex/generic/pgf/frontendlayer/tikz/tikz.code.tex
Package: tikz 2015/08/07 v3.0.1a (rcs-revision 1.151)

(/usr/share/texlive/texmf-dist/tex/generic/pgf/libraries/pgflibraryplothandlers
.code.tex
File: pgflibraryplothandlers.code.tex 2013/08/31 v3.0.1a (rcs-revision 1.20)
\pgf@plot@mark@count=\count123
\pgfplotmarksize=\dimen178
)
\tikz@lastx=\dimen179
\tikz@lasty=\dimen180
\tikz@lastxsaved=\dimen181
\tikz@lastysaved=\dimen182
\tikzleveldistance=\dimen183
\tikzsiblingdistance=\dimen184
\tikz@figbox=\box37
\tikz@figbox@bg=\box38
\tikz@tempbox=\box39
\tikz@tempbox@bg=\box40
\tikztreelevel=\count124
\tikznumberofchildren=\count125
\tikznumberofcurrentchild=\count126
\tikz@fig@count=\count127

(/usr/share/texlive/texmf-dist/tex/generic/pgf/modules/pgfmodulematrix.code.tex
File: pgfmodulematrix.code.tex 2013/09/17  (rcs-revision 1.8)
\pgfmatrixcurrentrow=\count128
\pgfmatrixcurrentcolumn=\count129
\pgf@matrix@numberofcolumns=\count130
)
\tikz@expandcount=\count131

(/usr/share/texlive/texmf-dist/tex/generic/pgf/frontendlayer/tikz/libraries/tik
zlibrarytopaths.code.tex
File: tikzlibrarytopaths.code.tex 2008/06/17 v3.0.1a (rcs-revision 1.2)
)))
(/usr/share/texlive/texmf-dist/tex/latex/hyperref/hyperref.sty
Package: hyperref 2012/11/06 v6.83m Hypertext links for LaTeX

(/usr/share/texlive/texmf-dist/tex/generic/oberdiek/hobsub-hyperref.sty
Package: hobsub-hyperref 2012/05/28 v1.13 Bundle oberdiek, subset hyperref (HO)


(/usr/share/texlive/texmf-dist/tex/generic/oberdiek/hobsub-generic.sty
Package: hobsub-generic 2012/05/28 v1.13 Bundle oberdiek, subset generic (HO)
Package: hobsub 2012/05/28 v1.13 Construct package bundles (HO)
Package hobsub Info: Skipping package `infwarerr' (already loaded).
Package hobsub Info: Skipping package `ltxcmds' (already loaded).
Package: ifluatex 2010/03/01 v1.3 Provides the ifluatex switch (HO)
Package ifluatex Info: LuaTeX not detected.
Package: ifvtex 2010/03/01 v1.5 Detect VTeX and its facilities (HO)
Package ifvtex Info: VTeX not detected.
Package: intcalc 2007/09/27 v1.1 Expandable calculations with integers (HO)
Package: ifpdf 2011/01/30 v2.3 Provides the ifpdf switch (HO)
Package ifpdf Info: pdfTeX in PDF mode is detected.
Package: etexcmds 2011/02/16 v1.5 Avoid name clashes with e-TeX commands (HO)
Package etexcmds Info: Could not find \expanded.
(etexcmds)             That can mean that you are not using pdfTeX 1.50 or
(etexcmds)             that some package has redefined \expanded.
(etexcmds)             In the latter case, load this package earlier.
Package: kvsetkeys 2012/04/25 v1.16 Key value parser (HO)
Package: kvdefinekeys 2011/04/07 v1.3 Define keys (HO)
Package: pdftexcmds 2011/11/29 v0.20 Utility functions of pdfTeX for LuaTeX (HO
)
Package pdftexcmds Info: LuaTeX not detected.
Package pdftexcmds Info: \pdf@primitive is available.
Package pdftexcmds Info: \pdf@ifprimitive is available.
Package pdftexcmds Info: \pdfdraftmode found.
Package: pdfescape 2011/11/25 v1.13 Implements pdfTeX's escape features (HO)
Package: bigintcalc 2012/04/08 v1.3 Expandable calculations on big integers (HO
)
Package: bitset 2011/01/30 v1.1 Handle bit-vector datatype (HO)
Package: uniquecounter 2011/01/30 v1.2 Provide unlimited unique counter (HO)
)
Package hobsub Info: Skipping package `hobsub' (already loaded).
Package: letltxmacro 2010/09/02 v1.4 Let assignment for LaTeX macros (HO)
Package: hopatch 2012/05/28 v1.2 Wrapper for package hooks (HO)
Package: xcolor-patch 2011/01/30 xcolor patch
Package: atveryend 2011/06/30 v1.8 Hooks at the very end of document (HO)
Package atveryend Info: \enddocument detected (standard20110627).
Package: atbegshi 2011/10/05 v1.16 At begin shipout hook (HO)
Package: refcount 2011/10/16 v3.4 Data extraction from label references (HO)
Package: hycolor 2011/01/30 v1.7 Color options for hyperref/bookmark (HO)
)
(/usr/share/texlive/texmf-dist/tex/generic/ifxetex/ifxetex.sty
Package: ifxetex 2010/09/12 v0.6 Provides ifxetex conditional
)
(/usr/share/texlive/texmf-dist/tex/latex/oberdiek/auxhook.sty
Package: auxhook 2011/03/04 v1.3 Hooks for auxiliary files (HO)
)
(/usr/share/texlive/texmf-dist/tex/latex/oberdiek/kvoptions.sty
Package: kvoptions 2011/06/30 v3.11 Key value format for package options (HO)
)
\@linkdim=\dimen185
\Hy@linkcounter=\count132
\Hy@pagecounter=\count133

(/usr/share/texlive/texmf-dist/tex/latex/hyperref/pd1enc.def
File: pd1enc.def 2012/11/06 v6.83m Hyperref: PDFDocEncoding definition (HO)
)
\Hy@SavedSpaceFactor=\count134

(/usr/share/texlive/texmf-dist/tex/latex/latexconfig/hyperref.cfg
File: hyperref.cfg 2002/06/06 v1.2 hyperref configuration of TeXLive
)
Package hyperref Info: Hyper figures OFF on input line 4443.
Package hyperref Info: Link nesting OFF on input line 4448.
Package hyperref Info: Hyper index ON on input line 4451.
Package hyperref Info: Plain pages OFF on input line 4458.
Package hyperref Info: Backreferencing OFF on input line 4463.
Package hyperref Info: Implicit mode ON; LaTeX internals redefined.
Package hyperref Info: Bookmarks ON on input line 4688.
\c@Hy@tempcnt=\count135
LaTeX Info: Redefining \url on input line 5041.
\XeTeXLinkMargin=\dimen186
\Fld@menulength=\count136
\Field@Width=\dimen187
\Fld@charsize=\dimen188
Package hyperref Info: Hyper figures OFF on input line 6295.
Package hyperref Info: Link nesting OFF on input line 6300.
Package hyperref Info: Hyper index ON on input line 6303.
Package hyperref Info: backreferencing OFF on input line 6310.
Package hyperref Info: Link coloring OFF on input line 6315.
Package hyperref Info: Link coloring with OCG OFF on input line 6320.
Package hyperref Info: PDF/A mode OFF on input line 6325.
LaTeX Info: Redefining \ref on input line 6365.
LaTeX Info: Redefining \pageref on input line 6369.
\Hy@abspage=\count137
\c@Item=\count138
\c@Hfootnote=\count139
)

Package hyperref Message: Driver: hpdftex.

(/usr/share/texlive/texmf-dist/tex/latex/hyperref/hpdftex.def
File: hpdftex.def 2012/11/06 v6.83m Hyperref driver for pdfTeX
\Fld@listcount=\count140
\c@bookmark@seq@number=\count141

(/usr/share/texlive/texmf-dist/tex/latex/oberdiek/rerunfilecheck.sty
Package: rerunfilecheck 2011/04/15 v1.7 Rerun checks for auxiliary files (HO)
Package uniquecounter Info: New unique counter `rerunfilecheck' on input line 2
82.
)
\Hy@SectionHShift=\skip54
)
(./main.aux)
\openout1 = `main.aux'.

LaTeX Font Info:    Checking defaults for OML/cmm/m/it on input line 58.
LaTeX Font Info:    ... okay on input line 58.
LaTeX Font Info:    Checking defaults for T1/cmr/m/n on input line 58.
LaTeX Font Info:    ... okay on input line 58.
LaTeX Font Info:    Checking defaults for OT1/cmr/m/n on input line 58.
LaTeX Font Info:    ... okay on input line 58.
LaTeX Font Info:    Checking defaults for OMS/cmsy/m/n on input line 58.
LaTeX Font Info:    ... okay on input line 58.
LaTeX Font Info:    Checking defaults for OMX/cmex/m/n on input line 58.
LaTeX Font Info:    ... okay on input line 58.
LaTeX Font Info:    Checking defaults for U/cmr/m/n on input line 58.
LaTeX Font Info:    ... okay on input line 58.
LaTeX Font Info:    Checking defaults for PD1/pdf/m/n on input line 58.
LaTeX Font Info:    ... okay on input line 58.
LaTeX Font Info:    Try loading font information for OT1+ptm on input line 58.
 (/usr/share/texlive/texmf-dist/tex/latex/psnfss/ot1ptm.fd
File: ot1ptm.fd 2001/06/04 font definitions for OT1/ptm.
)
(/usr/share/texlive/texmf-dist/tex/context/base/supp-pdf.mkii
[Loading MPS to PDF converter (version 2006.09.02).]
\scratchcounter=\count142
\scratchdimen=\dimen189
\scratchbox=\box41
\nofMPsegments=\count143
\nofMParguments=\count144
\everyMPshowfont=\toks40
\MPscratchCnt=\count145
\MPscratchDim=\dimen190
\MPnumerator=\count146
\makeMPintoPDFobject=\count147
\everyMPtoPDFconversion=\toks41
) (/usr/share/texlive/texmf-dist/tex/latex/oberdiek/epstopdf-base.sty
Package: epstopdf-base 2010/02/09 v2.5 Base part for package epstopdf

(/usr/share/texlive/texmf-dist/tex/latex/oberdiek/grfext.sty
Package: grfext 2010/08/19 v1.1 Manage graphics extensions (HO)
)
Package grfext Info: Graphics extension search list:
(grfext)             [.png,.pdf,.jpg,.mps,.jpeg,.jbig2,.jb2,.PNG,.PDF,.JPG,.JPE
G,.JBIG2,.JB2,.eps]
(grfext)             \AppendGraphicsExtensions on input line 452.

(/usr/share/texlive/texmf-dist/tex/latex/latexconfig/epstopdf-sys.cfg
File: epstopdf-sys.cfg 2010/07/13 v1.3 Configuration of (r)epstopdf for TeX Liv
e
))
Package caption Info: Begin \AtBeginDocument code.
Package caption Info: hyperref package is loaded.
Package caption Info: End \AtBeginDocument code.

ABD: EveryShipout initializing macros
\AtBeginShipoutBox=\box42
Package hyperref Info: Link coloring OFF on input line 58.

(/usr/share/texlive/texmf-dist/tex/latex/hyperref/nameref.sty
Package: nameref 2012/10/27 v2.43 Cross-referencing by name of section

(/usr/share/texlive/texmf-dist/tex/generic/oberdiek/gettitlestring.sty
Package: gettitlestring 2010/12/03 v1.4 Cleanup title references (HO)
)
\c@section@level=\count148
)
LaTeX Info: Redefining \ref on input line 58.
LaTeX Info: Redefining \pageref on input line 58.
LaTeX Info: Redefining \nameref on input line 58.

(./main.out) (./main.out)
\@outlinefile=\write5
\openout5 = `main.out'.

LaTeX Font Info:    Try loading font information for OT1+phv on input line 125.


(/usr/share/texlive/texmf-dist/tex/latex/psnfss/ot1phv.fd
File: ot1phv.fd 2001/06/04 scalable font definitions for OT1/phv.
)
LaTeX Font Info:    Font shape `OT1/phv/bx/n' in size <18> not available
(Font)              Font shape `OT1/phv/b/n' tried instead on input line 125.
LaTeX Font Info:    Try loading font information for OMS+phv on input line 125.


(/usr/share/texlive/texmf-dist/tex/latex/psnfss/omsphv.fd
File: omsphv.fd 
)
LaTeX Font Info:    Font shape `OMS/phv/m/n' in size <7> not available
(Font)              Font shape `OMS/cmsy/m/n' tried instead on input line 125.
Package epstopdf Info: Source file: <SAGE_Logo.eps>
(epstopdf)                    date: 2016-06-23 13:24:24
(epstopdf)                    size: 202228 bytes
(epstopdf)             Output file: <SAGE_Logo-eps-converted-to.pdf>
(epstopdf)                    date: 2016-06-23 14:19:08
(epstopdf)                    size: 14980 bytes
(epstopdf)             Command: <epstopdf --outfile=SAGE_Logo-eps-converted-to.
pdf SAGE_Logo.eps>
(epstopdf)             \includegraphics on input line 125.
Package epstopdf Info: Output file is already uptodate.

<SAGE_Logo-eps-converted-to.pdf, id=149, 1016.79875pt x 299.1175pt>
File: SAGE_Logo-eps-converted-to.pdf Graphic file (type pdf)

<use SAGE_Logo-eps-converted-to.pdf>
Package pdftex.def Info: SAGE_Logo-eps-converted-to.pdf used on input line 125.

(pdftex.def)             Requested size: 38.6791pt x 11.38109pt.

Overfull \hbox (1.23993pt too wide) in paragraph at lines 125--125
[]\OT1/phv/m/n/7 sagepub.co.uk/journalsPermissions.nav 
 []

LaTeX Font Info:    Font shape `OT1/phv/bx/n' in size <12> not available
(Font)              Font shape `OT1/phv/b/n' tried instead on input line 125.
LaTeX Font Info:    Try loading font information for U+lasy on input line 125.
(/usr/share/texlive/texmf-dist/tex/latex/base/ulasy.fd
File: ulasy.fd 1998/08/17 v2.2e LaTeX symbol font definitions
)
LaTeX Font Info:    Try loading font information for U+msa on input line 125.

(/usr/share/texlive/texmf-dist/tex/latex/amsfonts/umsa.fd
File: umsa.fd 2013/01/14 v3.01 AMS symbols A
)
LaTeX Font Info:    Try loading font information for U+msb on input line 125.

(/usr/share/texlive/texmf-dist/tex/latex/amsfonts/umsb.fd
File: umsb.fd 2013/01/14 v3.01 AMS symbols B
)
LaTeX Font Warning: Font shape `OMS/phv/bx/n' undefined
(Font)              using `OMS/phv/m/n' instead
(Font)              for symbol `textdagger' on input line 125.
LaTeX Font Info:    Font shape `OMS/phv/m/n' in size <12> not available
(Font)              Font shape `OMS/cmsy/m/n' tried instead on input line 125.
LaTeX Font Info:    Font shape `OMS/phv/bx/n' in size <12> not available
(Font)              Font shape `OMS/cmsy/m/n' tried instead on input line 125.
LaTeX Font Info:    Font shape `OMS/phv/m/n' in size <8> not available
(Font)              Font shape `OMS/cmsy/m/n' tried instead on input line 125.
LaTeX Font Info:    Font shape `OT1/phv/bx/n' in size <10> not available
(Font)              Font shape `OT1/phv/b/n' tried instead on input line 132.
 (./abstract.tex)
(./1-introduction.tex
LaTeX Font Info:    Font shape `OT1/phv/m/it' in size <7> not available
(Font)              Font shape `OT1/phv/m/sl' tried instead on input line 11.
 [1


Non-PDF special ignored!{/usr/share/texlive/texmf-dist/fonts/map/pdftex/updmap/
pdftex.map} <./SAGE_Logo-eps-converted-to.pdf>]
LaTeX Font Info:    Try loading font information for OMS+ptm on input line 12.

(/usr/share/texlive/texmf-dist/tex/latex/psnfss/omsptm.fd
File: omsptm.fd 
)
LaTeX Font Info:    Font shape `OMS/ptm/m/n' in size <7> not available
(Font)              Font shape `OMS/cmsy/m/n' tried instead on input line 12.
LaTeX Font Info:    Font shape `OT1/ptm/bx/n' in size <9> not available
(Font)              Font shape `OT1/ptm/b/n' tried instead on input line 12.
LaTeX Font Info:    Try loading font information for OT1+pcr on input line 12.

(/usr/share/texlive/texmf-dist/tex/latex/psnfss/ot1pcr.fd
File: ot1pcr.fd 2001/06/04 font definitions for OT1/pcr.
)
LaTeX Font Info:    Font shape `OT1/pcr/bx/n' in size <9> not available
(Font)              Font shape `OT1/pcr/b/n' tried instead on input line 12.


Package hyperref Warning: Suppressing empty link on input line 24.


Package hyperref Warning: Suppressing empty link on input line 25.


Package hyperref Warning: Suppressing empty link on input line 26.


Package hyperref Warning: Suppressing empty link on input line 27.


Package hyperref Warning: Suppressing empty link on input line 28.

) (./2-background.tex
LaTeX Font Info:    Font shape `OT1/phv/m/it' in size <12> not available
(Font)              Font shape `OT1/phv/m/sl' tried instead on input line 4.
LaTeX Font Info:    Font shape `OT1/phv/m/it' in size <10> not available
(Font)              Font shape `OT1/phv/m/sl' tried instead on input line 12.
 [2]) (./3-features.tex [3] [4]
Package epstopdf Info: Source file: <fig/cores_class_diagram.eps>
(epstopdf)                    date: 2016-06-23 13:24:24
(epstopdf)                    size: 41801 bytes
(epstopdf)             Output file: <fig/cores_class_diagram-eps-converted-to.p
df>
(epstopdf)                    date: 2016-06-23 13:24:24
(epstopdf)                    size: 19092 bytes
(epstopdf)             Command: <epstopdf --outfile=fig/cores_class_diagram-eps
-converted-to.pdf fig/cores_class_diagram.eps>
(epstopdf)             \includegraphics on input line 43.
Package epstopdf Info: Output file is already uptodate.

<fig/cores_class_diagram-eps-converted-to.pdf, id=213, 1486.55376pt x 1024.8287
5pt>
File: fig/cores_class_diagram-eps-converted-to.pdf Graphic file (type pdf)
 <use fig/cores_class_diagram-eps-converted-to.pdf>
Package pdftex.def Info: fig/cores_class_diagram-eps-converted-to.pdf used on i
nput line 43.
(pdftex.def)             Requested size: 345.0pt x 237.83237pt.
LaTeX Font Info:    Font shape `OT1/phv/bx/n' in size <9> not available
(Font)              Font shape `OT1/phv/b/n' tried instead on input line 44.
 [5 <./fig/cores_class_diagram-eps-converted-to.pdf>]

Package hyperref Warning: Suppressing empty link on input line 92.

[6]

Package hyperref Warning: Suppressing empty link on input line 94.


Package hyperref Warning: Suppressing empty link on input line 101.

Package epstopdf Info: Source file: <fig/pholdtreed1n3t5000.eps>
(epstopdf)                    date: 2016-06-23 13:24:24
(epstopdf)                    size: 15971 bytes
(epstopdf)             Output file: <fig/pholdtreed1n3t5000-eps-converted-to.pd
f>
(epstopdf)                    date: 2016-06-23 14:19:09
(epstopdf)                    size: 7714 bytes
(epstopdf)             Command: <epstopdf --outfile=fig/pholdtreed1n3t5000-eps-
converted-to.pdf fig/pholdtreed1n3t5000.eps>
(epstopdf)             \includegraphics on input line 105.
Package epstopdf Info: Output file is already uptodate.
<fig/pholdtreed1n3t5000-eps-converted-to.pdf, id=240, 401.5pt x 576.1525pt>
File: fig/pholdtreed1n3t5000-eps-converted-to.pdf Graphic file (type pdf)

<use fig/pholdtreed1n3t5000-eps-converted-to.pdf>
Package pdftex.def Info: fig/pholdtreed1n3t5000-eps-converted-to.pdf used on in
put line 105.
(pdftex.def)             Requested size: 158.62445pt x 227.62608pt.
Package epstopdf Info: Source file: <fig/pholdtreed1n3t5000c4BFS.eps>
(epstopdf)                    date: 2016-06-23 13:24:24
(epstopdf)                    size: 17509 bytes
(epstopdf)             Output file: <fig/pholdtreed1n3t5000c4BFS-eps-converted-
to.pdf>
(epstopdf)                    date: 2016-06-23 14:19:10
(epstopdf)                    size: 8045 bytes
(epstopdf)             Command: <epstopdf --outfile=fig/pholdtreed1n3t5000c4BFS
-eps-converted-to.pdf fig/pholdtreed1n3t5000c4BFS.eps>
(epstopdf)             \includegraphics on input line 111.
Package epstopdf Info: Output file is already uptodate.

<fig/pholdtreed1n3t5000c4BFS-eps-converted-to.pdf, id=241, 516.93124pt x 624.33
25pt>
File: fig/pholdtreed1n3t5000c4BFS-eps-converted-to.pdf Graphic file (type pdf)
 <use fig/pholdtreed1n3t5000c4BFS-eps-converted-to.pdf>
Package pdftex.def Info: fig/pholdtreed1n3t5000c4BFS-eps-converted-to.pdf used 
on input line 111.
(pdftex.def)             Requested size: 188.46141pt x 227.6175pt.
Package epstopdf Info: Source file: <fig/pholdtreed1n3t5000c4DFS.eps>
(epstopdf)                    date: 2016-06-23 13:24:24
(epstopdf)                    size: 17026 bytes
(epstopdf)             Output file: <fig/pholdtreed1n3t5000c4DFS-eps-converted-
to.pdf>
(epstopdf)                    date: 2016-06-23 14:19:11
(epstopdf)                    size: 7908 bytes
(epstopdf)             Command: <epstopdf --outfile=fig/pholdtreed1n3t5000c4DFS
-eps-converted-to.pdf fig/pholdtreed1n3t5000c4DFS.eps>
(epstopdf)             \includegraphics on input line 117.
Package epstopdf Info: Output file is already uptodate.

<fig/pholdtreed1n3t5000c4DFS-eps-converted-to.pdf, id=242, 513.92pt x 624.3325p
t>
File: fig/pholdtreed1n3t5000c4DFS-eps-converted-to.pdf Graphic file (type pdf)
 <use fig/pholdtreed1n3t5000c4DFS-eps-converted-to.pdf>
Package pdftex.def Info: fig/pholdtreed1n3t5000c4DFS-eps-converted-to.pdf used 
on input line 117.
(pdftex.def)             Requested size: 187.36359pt x 227.6175pt.
) (./4-performance.tex (./models.tex [7] [8 <./fig/pholdtreed1n3t5000-eps-conve
rted-to.pdf> <./fig/pholdtreed1n3t5000c4BFS-eps-converted-to.pdf>] [9 <./fig/ph
oldtreed1n3t5000c4DFS-eps-converted-to.pdf>] [10]
<fig/queue_model_fixed.pdf, id=297, 1765.59625pt x 257.96375pt>
File: fig/queue_model_fixed.pdf Graphic file (type pdf)

<use fig/queue_model_fixed.pdf>
Package pdftex.def Info: fig/queue_model_fixed.pdf used on input line 65.
(pdftex.def)             Requested size: 345.0pt x 50.40703pt.

<fig/interconnect_model.pdf, id=298, 226.0445pt x 57.14339pt>
File: fig/interconnect_model.pdf Graphic file (type pdf)

<use fig/interconnect_model.pdf>
Package pdftex.def Info: fig/interconnect_model.pdf used on input line 71.
(pdftex.def)             Requested size: 224.2479pt x 56.69156pt.

<fig/phold_model.pdf, id=299, 226.0445pt x 57.13847pt>
File: fig/phold_model.pdf Graphic file (type pdf)

<use fig/phold_model.pdf>
Package pdftex.def Info: fig/phold_model.pdf used on input line 77.
(pdftex.def)             Requested size: 224.2479pt x 56.68669pt.

<fig/pholdtree.pdf, id=300, 1940.24875pt x 732.7375pt>
File: fig/pholdtree.pdf Graphic file (type pdf)
 <use fig/pholdtree.pdf>
Package pdftex.def Info: fig/pholdtree.pdf used on input line 81.
(pdftex.def)             Requested size: 224.2479pt x 84.68231pt.
) (./sequential-performance.tex
Package epstopdf Info: Source file: <fig/queue_fixed_sequential.eps>
(epstopdf)                    date: 2016-06-23 13:24:24
(epstopdf)                    size: 97825 bytes
(epstopdf)             Output file: <fig/queue_fixed_sequential-eps-converted-t
o.pdf>
(epstopdf)                    date: 2016-06-23 14:19:12
(epstopdf)                    size: 35537 bytes
(epstopdf)             Command: <epstopdf --outfile=fig/queue_fixed_sequential-
eps-converted-to.pdf fig/queue_fixed_sequential.eps>
(epstopdf)             \includegraphics on input line 12.
Package epstopdf Info: Output file is already uptodate.

<fig/queue_fixed_sequential-eps-converted-to.pdf, id=302, 454.69875pt x 255.956
25pt>
File: fig/queue_fixed_sequential-eps-converted-to.pdf Graphic file (type pdf)
 <use fig/queue_fixed_sequential-eps-converted-to.pdf>
Package pdftex.def Info: fig/queue_fixed_sequential-eps-converted-to.pdf used o
n input line 12.
(pdftex.def)             Requested size: 293.2521pt x 165.07683pt.
 [11 <./fig/queue_model_fixed.pdf> <./fig/interconnect_model.pdf> <./fig/phold_
model.pdf

pdfTeX warning: /usr/bin/pdflatex (file ./fig/phold_model.pdf): PDF inclusion: 
multiple pdfs with page group included in a single page
> <./fig/pholdtree.pdf>]
Package epstopdf Info: Source file: <fig/interconnect_sequential.eps>
(epstopdf)                    date: 2016-06-23 13:24:24
(epstopdf)                    size: 138106 bytes
(epstopdf)             Output file: <fig/interconnect_sequential-eps-converted-
to.pdf>
(epstopdf)                    date: 2016-06-23 14:19:13
(epstopdf)                    size: 66829 bytes
(epstopdf)             Command: <epstopdf --outfile=fig/interconnect_sequential
-eps-converted-to.pdf fig/interconnect_sequential.eps>
(epstopdf)             \includegraphics on input line 24.
Package epstopdf Info: Output file is already uptodate.

<fig/interconnect_sequential-eps-converted-to.pdf, id=335, 455.7025pt x 255.956
25pt>
File: fig/interconnect_sequential-eps-converted-to.pdf Graphic file (type pdf)
 <use fig/interconnect_sequential-eps-converted-to.pdf>
Package pdftex.def Info: fig/interconnect_sequential-eps-converted-to.pdf used 
on input line 24.
(pdftex.def)             Requested size: 293.2521pt x 164.71361pt.
Package epstopdf Info: Source file: <fig/phold_sequential.eps>
(epstopdf)                    date: 2016-06-23 13:24:24
(epstopdf)                    size: 64352 bytes
(epstopdf)             Output file: <fig/phold_sequential-eps-converted-to.pdf>

(epstopdf)                    date: 2016-06-23 14:19:13
(epstopdf)                    size: 23052 bytes
(epstopdf)             Command: <epstopdf --outfile=fig/phold_sequential-eps-co
nverted-to.pdf fig/phold_sequential.eps>
(epstopdf)             \includegraphics on input line 34.
Package epstopdf Info: Output file is already uptodate.

<fig/phold_sequential-eps-converted-to.pdf, id=337, 455.7025pt x 255.95625pt>
File: fig/phold_sequential-eps-converted-to.pdf Graphic file (type pdf)

<use fig/phold_sequential-eps-converted-to.pdf>
Package pdftex.def Info: fig/phold_sequential-eps-converted-to.pdf used on inpu
t line 34.
(pdftex.def)             Requested size: 293.2521pt x 164.71361pt.
 [12 <./fig/queue_fixed_sequential-eps-converted-to.pdf>] [13 <./fig/interconne
ct_sequential-eps-converted-to.pdf> <./fig/phold_sequential-eps-converted-to.pd
f>]
Package epstopdf Info: Source file: <fig/pholdtree_sequential_p.eps>
(epstopdf)                    date: 2016-06-23 13:24:24
(epstopdf)                    size: 107626 bytes
(epstopdf)             Output file: <fig/pholdtree_sequential_p-eps-converted-t
o.pdf>
(epstopdf)                    date: 2016-06-23 14:19:14
(epstopdf)                    size: 55492 bytes
(epstopdf)             Command: <epstopdf --outfile=fig/pholdtree_sequential_p-
eps-converted-to.pdf fig/pholdtree_sequential_p.eps>
(epstopdf)             \includegraphics on input line 50.
Package epstopdf Info: Output file is already uptodate.

<fig/pholdtree_sequential_p-eps-converted-to.pdf, id=361, 455.7025pt x 255.9562
5pt>
File: fig/pholdtree_sequential_p-eps-converted-to.pdf Graphic file (type pdf)
 <use fig/pholdtree_sequential_p-eps-converted-to.pdf>
Package pdftex.def Info: fig/pholdtree_sequential_p-eps-converted-to.pdf used o
n input line 50.
(pdftex.def)             Requested size: 293.2521pt x 164.71361pt.
Package epstopdf Info: Source file: <fig/pholdtree_sequential_dn.eps>
(epstopdf)                    date: 2016-06-23 13:24:24
(epstopdf)                    size: 152943 bytes
(epstopdf)             Output file: <fig/pholdtree_sequential_dn-eps-converted-
to.pdf>
(epstopdf)                    date: 2016-06-23 14:19:15
(epstopdf)                    size: 71801 bytes
(epstopdf)             Command: <epstopdf --outfile=fig/pholdtree_sequential_dn
-eps-converted-to.pdf fig/pholdtree_sequential_dn.eps>
(epstopdf)             \includegraphics on input line 57.
Package epstopdf Info: Output file is already uptodate.

<fig/pholdtree_sequential_dn-eps-converted-to.pdf, id=362, 455.7025pt x 255.956
25pt>
File: fig/pholdtree_sequential_dn-eps-converted-to.pdf Graphic file (type pdf)
 <use fig/pholdtree_sequential_dn-eps-converted-to.pdf>
Package pdftex.def Info: fig/pholdtree_sequential_dn-eps-converted-to.pdf used 
on input line 57.
(pdftex.def)             Requested size: 293.2521pt x 164.71361pt.
)
(./parallel-performance.tex
Package epstopdf Info: Source file: <fig/queue_fixed_weak_speedup.eps>
(epstopdf)                    date: 2016-06-23 13:24:24
(epstopdf)                    size: 81163 bytes
(epstopdf)             Output file: <fig/queue_fixed_weak_speedup-eps-converted
-to.pdf>
(epstopdf)                    date: 2016-06-23 14:19:16
(epstopdf)                    size: 30399 bytes
(epstopdf)             Command: <epstopdf --outfile=fig/queue_fixed_weak_speedu
p-eps-converted-to.pdf fig/queue_fixed_weak_speedup.eps>
(epstopdf)             \includegraphics on input line 17.
Package epstopdf Info: Output file is already uptodate.

<fig/queue_fixed_weak_speedup-eps-converted-to.pdf, id=366, 455.7025pt x 255.95
625pt>
File: fig/queue_fixed_weak_speedup-eps-converted-to.pdf Graphic file (type pdf)

 <use fig/queue_fixed_weak_speedup-eps-converted-to.pdf>
Package pdftex.def Info: fig/queue_fixed_weak_speedup-eps-converted-to.pdf used
 on input line 17.
(pdftex.def)             Requested size: 224.2479pt x 125.95471pt.
Package epstopdf Info: Source file: <fig/queue_fixed_strong_speedup.eps>
(epstopdf)                    date: 2016-06-23 13:24:24
(epstopdf)                    size: 93446 bytes
(epstopdf)             Output file: <fig/queue_fixed_strong_speedup-eps-convert
ed-to.pdf>
(epstopdf)                    date: 2016-06-23 14:19:17
(epstopdf)                    size: 35603 bytes
(epstopdf)             Command: <epstopdf --outfile=fig/queue_fixed_strong_spee
dup-eps-converted-to.pdf fig/queue_fixed_strong_speedup.eps>
(epstopdf)             \includegraphics on input line 21.
Package epstopdf Info: Output file is already uptodate.

<fig/queue_fixed_strong_speedup-eps-converted-to.pdf, id=367, 454.69875pt x 255
.95625pt>
File: fig/queue_fixed_strong_speedup-eps-converted-to.pdf Graphic file (type pd
f)
 <use fig/queue_fixed_strong_speedup-eps-converted-to.pdf>
Package pdftex.def Info: fig/queue_fixed_strong_speedup-eps-converted-to.pdf us
ed on input line 21.
(pdftex.def)             Requested size: 224.2479pt x 126.23201pt.
 [14 <./fig/pholdtree_sequential_p-eps-converted-to.pdf>]
Package epstopdf Info: Source file: <fig/queue_allocation.eps>
(epstopdf)                    date: 2016-06-23 13:24:24
(epstopdf)                    size: 9904 bytes
(epstopdf)             Output file: <fig/queue_allocation-eps-converted-to.pdf>

(epstopdf)                    date: 2016-06-23 14:19:18
(epstopdf)                    size: 6708 bytes
(epstopdf)             Command: <epstopdf --outfile=fig/queue_allocation-eps-co
nverted-to.pdf fig/queue_allocation.eps>
(epstopdf)             \includegraphics on input line 30.
Package epstopdf Info: Output file is already uptodate.

<fig/queue_allocation-eps-converted-to.pdf, id=379, 116.435pt x 704.6325pt>
File: fig/queue_allocation-eps-converted-to.pdf Graphic file (type pdf)

<use fig/queue_allocation-eps-converted-to.pdf>
Package pdftex.def Info: fig/queue_allocation-eps-converted-to.pdf used on inpu
t line 30.
(pdftex.def)             Requested size: 37.61172pt x 227.61588pt.
Package epstopdf Info: Source file: <fig/interconnect_parallel.eps>
(epstopdf)                    date: 2016-06-23 13:24:24
(epstopdf)                    size: 114311 bytes
(epstopdf)             Output file: <fig/interconnect_parallel-eps-converted-to
.pdf>
(epstopdf)                    date: 2016-06-23 13:24:24
(epstopdf)                    size: 59453 bytes
(epstopdf)             Command: <epstopdf --outfile=fig/interconnect_parallel-e
ps-converted-to.pdf fig/interconnect_parallel.eps>
(epstopdf)             \includegraphics on input line 47.
Package epstopdf Info: Output file is already uptodate.

<fig/interconnect_parallel-eps-converted-to.pdf, id=382, 455.7025pt x 255.95625
pt>
File: fig/interconnect_parallel-eps-converted-to.pdf Graphic file (type pdf)
 <use fig/interconnect_parallel-eps-converted-to.pdf>
Package pdftex.def Info: fig/interconnect_parallel-eps-converted-to.pdf used on
 input line 47.
(pdftex.def)             Requested size: 293.2521pt x 164.71361pt.
Package epstopdf Info: Source file: <fig/interconnect_parallel_allocation.eps>
(epstopdf)                    date: 2016-06-23 13:24:24
(epstopdf)                    size: 20327 bytes
(epstopdf)             Output file: <fig/interconnect_parallel_allocation-eps-c
onverted-to.pdf>
(epstopdf)                    date: 2016-06-23 14:19:19
(epstopdf)                    size: 7628 bytes
(epstopdf)             Command: <epstopdf --outfile=fig/interconnect_parallel_a
llocation-eps-converted-to.pdf fig/interconnect_parallel_allocation.eps>
(epstopdf)             \includegraphics on input line 53.
Package epstopdf Info: Output file is already uptodate.

<fig/interconnect_parallel_allocation-eps-converted-to.pdf, id=383, 586.19pt x 
248.93pt>
File: fig/interconnect_parallel_allocation-eps-converted-to.pdf Graphic file (t
ype pdf)
 <use fig/interconnect_parallel_allocation-eps-converted-to.pdf>
Package pdftex.def Info: fig/interconnect_parallel_allocation-eps-converted-to.
pdf used on input line 53.
(pdftex.def)             Requested size: 293.2521pt x 124.52925pt.
LaTeX Font Info:    Font shape `OMS/ptm/m/n' in size <10> not available
(Font)              Font shape `OMS/cmsy/m/n' tried instead on input line 68.

[15 <./fig/pholdtree_sequential_dn-eps-converted-to.pdf>]
Package epstopdf Info: Source file: <fig/phold_remotes.eps>
(epstopdf)                    date: 2016-06-23 13:24:24
(epstopdf)                    size: 88388 bytes
(epstopdf)             Output file: <fig/phold_remotes-eps-converted-to.pdf>
(epstopdf)                    date: 2016-06-23 13:24:24
(epstopdf)                    size: 34239 bytes
(epstopdf)             Command: <epstopdf --outfile=fig/phold_remotes-eps-conve
rted-to.pdf fig/phold_remotes.eps>
(epstopdf)             \includegraphics on input line 72.
Package epstopdf Info: Output file is already uptodate.

<fig/phold_remotes-eps-converted-to.pdf, id=393, 455.7025pt x 255.95625pt>
File: fig/phold_remotes-eps-converted-to.pdf Graphic file (type pdf)

<use fig/phold_remotes-eps-converted-to.pdf>
Package pdftex.def Info: fig/phold_remotes-eps-converted-to.pdf used on input l
ine 72.
(pdftex.def)             Requested size: 293.2521pt x 164.71361pt.
Package epstopdf Info: Source file: <fig/phold_priority.eps>
(epstopdf)                    date: 2016-06-23 13:24:24
(epstopdf)                    size: 89337 bytes
(epstopdf)             Output file: <fig/phold_priority-eps-converted-to.pdf>
(epstopdf)                    date: 2016-06-23 13:24:24
(epstopdf)                    size: 33577 bytes
(epstopdf)             Command: <epstopdf --outfile=fig/phold_priority-eps-conv
erted-to.pdf fig/phold_priority.eps>
(epstopdf)             \includegraphics on input line 77.
Package epstopdf Info: Output file is already uptodate.

<fig/phold_priority-eps-converted-to.pdf, id=394, 455.7025pt x 255.95625pt>
File: fig/phold_priority-eps-converted-to.pdf Graphic file (type pdf)

<use fig/phold_priority-eps-converted-to.pdf>
Package pdftex.def Info: fig/phold_priority-eps-converted-to.pdf used on input 
line 77.
(pdftex.def)             Requested size: 293.2521pt x 164.71361pt.
Package epstopdf Info: Source file: <fig/phold_parallel_allocation.eps>
(epstopdf)                    date: 2016-06-23 13:24:24
(epstopdf)                    size: 16416 bytes
(epstopdf)             Output file: <fig/phold_parallel_allocation-eps-converte
d-to.pdf>
(epstopdf)                    date: 2016-06-23 14:19:20
(epstopdf)                    size: 7164 bytes
(epstopdf)             Command: <epstopdf --outfile=fig/phold_parallel_allocati
on-eps-converted-to.pdf fig/phold_parallel_allocation.eps>
(epstopdf)             \includegraphics on input line 83.
Package epstopdf Info: Output file is already uptodate.

<fig/phold_parallel_allocation-eps-converted-to.pdf, id=395, 594.22pt x 198.742
5pt>
File: fig/phold_parallel_allocation-eps-converted-to.pdf Graphic file (type pdf
)
 <use fig/phold_parallel_allocation-eps-converted-to.pdf>
Package pdftex.def Info: fig/phold_parallel_allocation-eps-converted-to.pdf use
d on input line 83.
(pdftex.def)             Requested size: 293.2521pt x 98.08519pt.
 [16 <./fig/queue_fixed_weak_speedup-eps-converted-to.pdf> <./fig/queue_fixed_s
trong_speedup-eps-converted-to.pdf>] [17 <./fig/queue_allocation-eps-converted-
to.pdf> <./fig/interconnect_parallel-eps-converted-to.pdf>] [18 <./fig/intercon
nect_parallel_allocation-eps-converted-to.pdf> <./fig/phold_remotes-eps-convert
ed-to.pdf>]
Package epstopdf Info: Source file: <fig/pholdtreeBFS.eps>
(epstopdf)                    date: 2016-06-23 13:24:24
(epstopdf)                    size: 27427 bytes
(epstopdf)             Output file: <fig/pholdtreeBFS-eps-converted-to.pdf>
(epstopdf)                    date: 2016-06-23 14:19:21
(epstopdf)                    size: 4855 bytes
(epstopdf)             Command: <epstopdf --outfile=fig/pholdtreeBFS-eps-conver
ted-to.pdf fig/pholdtreeBFS.eps>
(epstopdf)             \includegraphics on input line 111.
Package epstopdf Info: Output file is already uptodate.

<fig/pholdtreeBFS-eps-converted-to.pdf, id=434, 1940.24875pt x 732.7375pt>
File: fig/pholdtreeBFS-eps-converted-to.pdf Graphic file (type pdf)

<use fig/pholdtreeBFS-eps-converted-to.pdf>
Package pdftex.def Info: fig/pholdtreeBFS-eps-converted-to.pdf used on input li
ne 111.
(pdftex.def)             Requested size: 224.2479pt x 84.68231pt.
Package epstopdf Info: Source file: <fig/pholdtreeDFS.eps>
(epstopdf)                    date: 2016-06-23 13:24:24
(epstopdf)                    size: 27459 bytes
(epstopdf)             Output file: <fig/pholdtreeDFS-eps-converted-to.pdf>
(epstopdf)                    date: 2016-06-23 14:19:22
(epstopdf)                    size: 4859 bytes
(epstopdf)             Command: <epstopdf --outfile=fig/pholdtreeDFS-eps-conver
ted-to.pdf fig/pholdtreeDFS.eps>
(epstopdf)             \includegraphics on input line 115.
Package epstopdf Info: Output file is already uptodate.

<fig/pholdtreeDFS-eps-converted-to.pdf, id=435, 1940.24875pt x 732.7375pt>
File: fig/pholdtreeDFS-eps-converted-to.pdf Graphic file (type pdf)

<use fig/pholdtreeDFS-eps-converted-to.pdf>
Package pdftex.def Info: fig/pholdtreeDFS-eps-converted-to.pdf used on input li
ne 115.
(pdftex.def)             Requested size: 224.2479pt x 84.68231pt.
Package epstopdf Info: Source file: <fig/pholdtreealloclowp.eps>
(epstopdf)                    date: 2016-06-23 13:24:24
(epstopdf)                    size: 164248 bytes
(epstopdf)             Output file: <fig/pholdtreealloclowp-eps-converted-to.pd
f>
(epstopdf)                    date: 2016-06-23 14:19:23
(epstopdf)                    size: 81407 bytes
(epstopdf)             Command: <epstopdf --outfile=fig/pholdtreealloclowp-eps-
converted-to.pdf fig/pholdtreealloclowp.eps>
(epstopdf)             \includegraphics on input line 131.
Package epstopdf Info: Output file is already uptodate.

<fig/pholdtreealloclowp-eps-converted-to.pdf, id=438, 504.88625pt x 507.8975pt>
File: fig/pholdtreealloclowp-eps-converted-to.pdf Graphic file (type pdf)
<use fig/pholdtreealloclowp-eps-converted-to.pdf>
Package pdftex.def Info: fig/pholdtreealloclowp-eps-converted-to.pdf used on in
put line 131.
(pdftex.def)             Requested size: 224.2479pt x 225.58356pt.
Package epstopdf Info: Source file: <fig/pholdtreeallochighp.eps>
(epstopdf)                    date: 2016-06-23 13:24:24
(epstopdf)                    size: 164248 bytes
(epstopdf)             Output file: <fig/pholdtreeallochighp-eps-converted-to.p
df>
(epstopdf)                    date: 2016-06-23 14:19:25
(epstopdf)                    size: 81407 bytes
(epstopdf)             Command: <epstopdf --outfile=fig/pholdtreeallochighp-eps
-converted-to.pdf fig/pholdtreeallochighp.eps>
(epstopdf)             \includegraphics on input line 135.
Package epstopdf Info: Output file is already uptodate.

<fig/pholdtreeallochighp-eps-converted-to.pdf, id=439, 504.88625pt x 507.8975pt
>
File: fig/pholdtreeallochighp-eps-converted-to.pdf Graphic file (type pdf)
 <use fig/pholdtreeallochighp-eps-converted-to.pdf>
Package pdftex.def Info: fig/pholdtreeallochighp-eps-converted-to.pdf used on i
nput line 135.
(pdftex.def)             Requested size: 224.2479pt x 225.58356pt.
 [19 <./fig/phold_priority-eps-converted-to.pdf> <./fig/phold_parallel_allocati
on-eps-converted-to.pdf>]
[20 <./fig/pholdtreeBFS-eps-converted-to.pdf> <./fig/pholdtreeDFS-eps-converted
-to.pdf>]
Underfull \hbox (badness 10000) in paragraph at lines 142--143

 []


Underfull \hbox (badness 10000) in paragraph at lines 146--151

 []


Underfull \hbox (badness 10000) in paragraph at lines 153--155

 []

Package epstopdf Info: Source file: <fig/pholdtreeweakscalingnopt.eps>
(epstopdf)                    date: 2016-06-23 13:24:24
(epstopdf)                    size: 118812 bytes
(epstopdf)             Output file: <fig/pholdtreeweakscalingnopt-eps-converted
-to.pdf>
(epstopdf)                    date: 2016-06-23 14:19:25
(epstopdf)                    size: 60741 bytes
(epstopdf)             Command: <epstopdf --outfile=fig/pholdtreeweakscalingnop
t-eps-converted-to.pdf fig/pholdtreeweakscalingnopt.eps>
(epstopdf)             \includegraphics on input line 168.
Package epstopdf Info: Output file is already uptodate.

<fig/pholdtreeweakscalingnopt-eps-converted-to.pdf, id=475, 455.7025pt x 255.95
625pt>
File: fig/pholdtreeweakscalingnopt-eps-converted-to.pdf Graphic file (type pdf)

 <use fig/pholdtreeweakscalingnopt-eps-converted-to.pdf>
Package pdftex.def Info: fig/pholdtreeweakscalingnopt-eps-converted-to.pdf used
 on input line 168.
(pdftex.def)             Requested size: 224.2479pt x 125.95471pt.
Package epstopdf Info: Source file: <fig/pholdtreeweakscalingncon.eps>
(epstopdf)                    date: 2016-06-23 13:24:24
(epstopdf)                    size: 101854 bytes
(epstopdf)             Output file: <fig/pholdtreeweakscalingncon-eps-converted
-to.pdf>
(epstopdf)                    date: 2016-06-23 14:19:26
(epstopdf)                    size: 53010 bytes
(epstopdf)             Command: <epstopdf --outfile=fig/pholdtreeweakscalingnco
n-eps-converted-to.pdf fig/pholdtreeweakscalingncon.eps>
(epstopdf)             \includegraphics on input line 172.
Package epstopdf Info: Output file is already uptodate.

<fig/pholdtreeweakscalingncon-eps-converted-to.pdf, id=476, 455.7025pt x 255.95
625pt>
File: fig/pholdtreeweakscalingncon-eps-converted-to.pdf Graphic file (type pdf)

 <use fig/pholdtreeweakscalingncon-eps-converted-to.pdf>
Package pdftex.def Info: fig/pholdtreeweakscalingncon-eps-converted-to.pdf used
 on input line 172.
(pdftex.def)             Requested size: 224.2479pt x 125.95471pt.
Package epstopdf Info: Source file: <fig/pholdtreeweakscalingall.eps>
(epstopdf)                    date: 2016-06-23 13:24:24
(epstopdf)                    size: 132322 bytes
(epstopdf)             Output file: <fig/pholdtreeweakscalingall-eps-converted-
to.pdf>
(epstopdf)                    date: 2016-06-23 14:19:27
(epstopdf)                    size: 66633 bytes
(epstopdf)             Command: <epstopdf --outfile=fig/pholdtreeweakscalingall
-eps-converted-to.pdf fig/pholdtreeweakscalingall.eps>
(epstopdf)             \includegraphics on input line 176.
Package epstopdf Info: Output file is already uptodate.

<fig/pholdtreeweakscalingall-eps-converted-to.pdf, id=477, 455.7025pt x 255.956
25pt>
File: fig/pholdtreeweakscalingall-eps-converted-to.pdf Graphic file (type pdf)
 <use fig/pholdtreeweakscalingall-eps-converted-to.pdf>
Package pdftex.def Info: fig/pholdtreeweakscalingall-eps-converted-to.pdf used 
on input line 176.
(pdftex.def)             Requested size: 224.2479pt x 125.95471pt.
 [21] [22 <./fig/pholdtreealloclowp-eps-converted-to.pdf> <./fig/pholdtreealloc
highp-eps-converted-to.pdf>]
Package epstopdf Info: Source file: <fig/memincrease.eps>
(epstopdf)                    date: 2016-06-23 13:24:24
(epstopdf)                    size: 155517 bytes
(epstopdf)             Output file: <fig/memincrease-eps-converted-to.pdf>
(epstopdf)                    date: 2016-06-23 14:19:28
(epstopdf)                    size: 78395 bytes
(epstopdf)             Command: <epstopdf --outfile=fig/memincrease-eps-convert
ed-to.pdf fig/memincrease.eps>
(epstopdf)             \includegraphics on input line 192.
Package epstopdf Info: Output file is already uptodate.

<fig/memincrease-eps-converted-to.pdf, id=492, 455.7025pt x 255.95625pt>
File: fig/memincrease-eps-converted-to.pdf Graphic file (type pdf)

<use fig/memincrease-eps-converted-to.pdf>
Package pdftex.def Info: fig/memincrease-eps-converted-to.pdf used on input lin
e 192.
(pdftex.def)             Requested size: 224.2479pt x 125.95471pt.
Package epstopdf Info: Source file: <fig/memory_allocators.eps>
(epstopdf)                    date: 2016-06-23 13:24:24
(epstopdf)                    size: 105440 bytes
(epstopdf)             Output file: <fig/memory_allocators-eps-converted-to.pdf
>
(epstopdf)                    date: 2016-06-23 14:19:29
(epstopdf)                    size: 55189 bytes
(epstopdf)             Command: <epstopdf --outfile=fig/memory_allocators-eps-c
onverted-to.pdf fig/memory_allocators.eps>
(epstopdf)             \includegraphics on input line 196.
Package epstopdf Info: Output file is already uptodate.

<fig/memory_allocators-eps-converted-to.pdf, id=493, 455.7025pt x 255.95625pt>
File: fig/memory_allocators-eps-converted-to.pdf Graphic file (type pdf)

<use fig/memory_allocators-eps-converted-to.pdf>
Package pdftex.def Info: fig/memory_allocators-eps-converted-to.pdf used on inp
ut line 196.
(pdftex.def)             Requested size: 224.2479pt x 125.95471pt.
Package epstopdf Info: Source file: <fig/memory_allocators_parallel.eps>
(epstopdf)                    date: 2016-06-23 13:24:24
(epstopdf)                    size: 106178 bytes
(epstopdf)             Output file: <fig/memory_allocators_parallel-eps-convert
ed-to.pdf>
(epstopdf)                    date: 2016-06-23 14:19:30
(epstopdf)                    size: 55027 bytes
(epstopdf)             Command: <epstopdf --outfile=fig/memory_allocators_paral
lel-eps-converted-to.pdf fig/memory_allocators_parallel.eps>
(epstopdf)             \includegraphics on input line 200.
Package epstopdf Info: Output file is already uptodate.

<fig/memory_allocators_parallel-eps-converted-to.pdf, id=494, 455.7025pt x 255.
95625pt>
File: fig/memory_allocators_parallel-eps-converted-to.pdf Graphic file (type pd
f)
 <use fig/memory_allocators_parallel-eps-converted-to.pdf>
Package pdftex.def Info: fig/memory_allocators_parallel-eps-converted-to.pdf us
ed on input line 200.
(pdftex.def)             Requested size: 224.2479pt x 125.95471pt.
 [23]
Underfull \vbox (badness 10000) has occurred while \output is active []

 [24 <./fig/pholdtreeweakscalingnopt-eps-converted-to.pdf> <./fig/pholdtreeweak
scalingncon-eps-converted-to.pdf> <./fig/pholdtreeweakscalingall-eps-converted-
to.pdf>]
[25 <./fig/memincrease-eps-converted-to.pdf> <./fig/memory_allocators-eps-conve
rted-to.pdf> <./fig/memory_allocators_parallel-eps-converted-to.pdf>]
Package epstopdf Info: Source file: <fig/rngspeedupeffectdevstone.eps>
(epstopdf)                    date: 2016-06-23 13:24:24
(epstopdf)                    size: 168639 bytes
(epstopdf)             Output file: <fig/rngspeedupeffectdevstone-eps-converted
-to.pdf>
(epstopdf)                    date: 2016-06-23 14:19:31
(epstopdf)                    size: 83854 bytes
(epstopdf)             Command: <epstopdf --outfile=fig/rngspeedupeffectdevston
e-eps-converted-to.pdf fig/rngspeedupeffectdevstone.eps>
(epstopdf)             \includegraphics on input line 237.
Package epstopdf Info: Output file is already uptodate.

<fig/rngspeedupeffectdevstone-eps-converted-to.pdf, id=532, 455.7025pt x 255.95
625pt>
File: fig/rngspeedupeffectdevstone-eps-converted-to.pdf Graphic file (type pdf)

 <use fig/rngspeedupeffectdevstone-eps-converted-to.pdf>
Package pdftex.def Info: fig/rngspeedupeffectdevstone-eps-converted-to.pdf used
 on input line 237.
(pdftex.def)             Requested size: 224.2479pt x 125.95471pt.
)
(./conclusion.tex [26])) (./5-related-work.tex [27 <./fig/rngspeedupeffectdevst
one-eps-converted-to.pdf>]) (./6-conclusions.tex [28]) (./main.bbl [29]
[30]) [31]
Package atveryend Info: Empty hook `BeforeClearDocument' on input line 178.
Package atveryend Info: Empty hook `AfterLastShipout' on input line 178.
 (./main.aux)
Package atveryend Info: Executing hook `AtVeryEndDocument' on input line 178.
Package atveryend Info: Executing hook `AtEndAfterFileList' on input line 178.
Package rerunfilecheck Info: File `main.out' has not changed.
(rerunfilecheck)             Checksum: B438E0364B4EA1D254EB2F8E76926342;2120.
LaTeX Font Warning: Some font shapes were not available, defaults substituted.
Package atveryend Info: Empty hook `AtVeryVeryEnd' on input line 178.
 ) 
Here is how much of TeX's memory you used:
 17936 strings out of 495003
 334718 string characters out of 6181405
 388827 words of memory out of 5000000
 20607 multiletter control sequences out of 15000+600000
 39639 words of font info for 90 fonts, out of 8000000 for 9000
 14 hyphenation exceptions out of 8191
 55i,9n,54p,1231b,440s stack positions out of 5000i,500n,10000p,200000b,80000s
{/usr/share/texlive/texmf-dist/fonts/enc/dvips/base/8r.enc}</usr/share/texliv
e/texmf-dist/fonts/type1/public/amsfonts/cm/cmex10.pfb></usr/share/texlive/texm
f-dist/fonts/type1/public/amsfonts/cm/cmmi10.pfb></usr/share/texlive/texmf-dist
/fonts/type1/public/amsfonts/cm/cmmi7.pfb></usr/share/texlive/texmf-dist/fonts/
type1/public/amsfonts/cm/cmr10.pfb></usr/share/texlive/texmf-dist/fonts/type1/p
ublic/amsfonts/cm/cmr7.pfb></usr/share/texlive/texmf-dist/fonts/type1/public/am
sfonts/cm/cmsy10.pfb></usr/share/texlive/texmf-dist/fonts/type1/public/amsfonts
/cm/cmsy6.pfb></usr/share/texlive/texmf-dist/fonts/type1/public/amsfonts/cm/cms
y7.pfb></usr/share/texlive/texmf-dist/fonts/type1/public/amsfonts/cm/cmsy8.pfb>
</usr/share/texlive/texmf-dist/fonts/type1/urw/courier/ucrb8a.pfb></usr/share/t
exlive/texmf-dist/fonts/type1/urw/courier/ucrr8a.pfb></usr/share/texlive/texmf-
dist/fonts/type1/urw/helvetic/uhvb8a.pfb></usr/share/texlive/texmf-dist/fonts/t
ype1/urw/helvetic/uhvr8a.pfb></usr/share/texlive/texmf-dist/fonts/type1/urw/hel
vetic/uhvro8a.pfb></usr/share/texlive/texmf-dist/fonts/type1/urw/times/utmr8a.p
fb></usr/share/texlive/texmf-dist/fonts/type1/urw/times/utmri8a.pfb>
Output written on main.pdf (31 pages, 1338474 bytes).
PDF statistics:
 683 PDF objects out of 1000 (max. 8388607)
 578 compressed objects within 6 object streams
 133 named destinations out of 1000 (max. 500000)
 458 words of extra memory for PDF output out of 10000 (max. 10000000)

